<?xml version="1.0" encoding="UTF-8"?>
<coverage generated="1643083843064" clover="3.2.0">
  <project timestamp="1643083843064" name="All files">
    <metrics statements="23" coveredstatements="23" conditionals="2" coveredconditionals="1" methods="6" coveredmethods="6" elements="31" coveredelements="30" complexity="0" loc="23" ncloc="23" packages="1" files="2" classes="2"/>
    <file name="day5.js" path="C:\Users\DELL\Desktop\Dev101\day7\day5.js">
      <metrics statements="21" coveredstatements="21" conditionals="2" coveredconditionals="1" methods="5" coveredmethods="5"/>
      <line num="3" count="1" type="stmt"/>
      <line num="4" count="1" type="stmt"/>
      <line num="5" count="1" type="stmt"/>
      <line num="7" count="1" type="stmt"/>
      <line num="8" count="1" type="stmt"/>
      <line num="10" count="1" type="stmt"/>
      <line num="12" count="1" type="stmt"/>
      <line num="19" count="1" type="stmt"/>
      <line num="21" count="1" type="stmt"/>
      <line num="23" count="1" type="stmt"/>
      <line num="24" count="1" type="stmt"/>
      <line num="26" count="1" type="stmt"/>
      <line num="27" count="1" type="stmt"/>
      <line num="31" count="1" type="stmt"/>
      <line num="32" count="2" type="stmt"/>
      <line num="33" count="2" type="stmt"/>
      <line num="34" count="2" type="cond" truecount="1" falsecount="1"/>
      <line num="36" count="2" type="stmt"/>
      <line num="40" count="1" type="stmt"/>
      <line num="41" count="1" type="stmt"/>
      <line num="44" count="1" type="stmt"/>
    </file>
    <file name="day7.js" path="C:\Users\DELL\Desktop\Dev101\day7\day7.js">
      <metrics statements="2" coveredstatements="2" conditionals="0" coveredconditionals="0" methods="1" coveredmethods="1"/>
      <line num="4" count="2" type="stmt"/>
      <line num="7" count="1" type="stmt"/>
    </file>
  </project>
</coverage>
